Looking in indexes: https://pypi.douban.com/simple/
/usr/share/python-wheels/urllib3-1.25.8-py2.py3-none-any.whl/urllib3/connectionpool.py:1004: InsecureRequestWarning: Unverified HTTPS request is being made to host 'pypi.douban.com'. Adding certificate verification is strongly advised. See: https://urllib3.readthedocs.io/en/latest/advanced-usage.html#ssl-warnings
WARNING: Retrying (Retry(total=4, connect=None, read=None, redirect=None, status=None)) after connection broken by 'ProtocolError('Connection aborted.', RemoteDisconnected('Remote end closed connection without response'))': /simple/poetry/
/usr/share/python-wheels/urllib3-1.25.8-py2.py3-none-any.whl/urllib3/connectionpool.py:1004: InsecureRequestWarning: Unverified HTTPS request is being made to host 'pypi.douban.com'. Adding certificate verification is strongly advised. See: https://urllib3.readthedocs.io/en/latest/advanced-usage.html#ssl-warnings
WARNING: Retrying (Retry(total=3, connect=None, read=None, redirect=None, status=None)) after connection broken by 'ProtocolError('Connection aborted.', RemoteDisconnected('Remote end closed connection without response'))': /simple/poetry/
/usr/share/python-wheels/urllib3-1.25.8-py2.py3-none-any.whl/urllib3/connectionpool.py:1004: InsecureRequestWarning: Unverified HTTPS request is being made to host 'pypi.douban.com'. Adding certificate verification is strongly advised. See: https://urllib3.readthedocs.io/en/latest/advanced-usage.html#ssl-warnings
WARNING: Retrying (Retry(total=2, connect=None, read=None, redirect=None, status=None)) after connection broken by 'ProtocolError('Connection aborted.', RemoteDisconnected('Remote end closed connection without response'))': /simple/poetry/
/usr/share/python-wheels/urllib3-1.25.8-py2.py3-none-any.whl/urllib3/connectionpool.py:1004: InsecureRequestWarning: Unverified HTTPS request is being made to host 'pypi.douban.com'. Adding certificate verification is strongly advised. See: https://urllib3.readthedocs.io/en/latest/advanced-usage.html#ssl-warnings
WARNING: Retrying (Retry(total=1, connect=None, read=None, redirect=None, status=None)) after connection broken by 'ProtocolError('Connection aborted.', RemoteDisconnected('Remote end closed connection without response'))': /simple/poetry/
/usr/share/python-wheels/urllib3-1.25.8-py2.py3-none-any.whl/urllib3/connectionpool.py:1004: InsecureRequestWarning: Unverified HTTPS request is being made to host 'pypi.douban.com'. Adding certificate verification is strongly advised. See: https://urllib3.readthedocs.io/en/latest/advanced-usage.html#ssl-warnings
WARNING: Retrying (Retry(total=0, connect=None, read=None, redirect=None, status=None)) after connection broken by 'ProtocolError('Connection aborted.', RemoteDisconnected('Remote end closed connection without response'))': /simple/poetry/
/usr/share/python-wheels/urllib3-1.25.8-py2.py3-none-any.whl/urllib3/connectionpool.py:1004: InsecureRequestWarning: Unverified HTTPS request is being made to host 'pypi.douban.com'. Adding certificate verification is strongly advised. See: https://urllib3.readthedocs.io/en/latest/advanced-usage.html#ssl-warnings
ERROR: Could not find a version that satisfies the requirement poetry==2.3.4 (from versions: none)
ERROR: No matching distribution found for poetry==2.3.4

Traceback:

  File "<stdin>", line 936, in main
  File "<stdin>", line 573, in run
  File "<stdin>", line 595, in install
  File "<stdin>", line 698, in install_poetry
  File "<stdin>", line 388, in pip
  File "<stdin>", line 385, in python
  File "<stdin>", line 378, in run
